<?xml version="1.0" encoding="UTF-8"?>
<!-- Generated by org.testng.reporters.JUnitXMLReporter -->
<testsuite hostname="2013-20656565" ignored="0" name="Default test" tests="3" failures="0" timestamp="20 十二月 2017 08:28:15 GMT" time="0.963" errors="0">
  <testcase name="addOrder" time="0.251" classname="com.lu.LUAutoSpace.huizhitong.ApiAddOrder"/>
  <testcase name="addOrder" time="0.045" classname="com.lu.LUAutoSpace.huizhitong.ApiAddOrder"/>
  <testcase name="addOrder" time="0.034" classname="com.lu.LUAutoSpace.huizhitong.ApiAddOrder"/>
</testsuite> <!-- Default test -->
