<?xml version="1.0" encoding="UTF-8"?>
<testng-results skipped="0" failed="0" ignored="0" total="1" passed="1">
  <reporter-output>
  </reporter-output>
  <suite name="Default suite" duration-ms="1933" started-at="2017-12-18T14:32:32Z" finished-at="2017-12-18T14:32:34Z">
    <groups>
    </groups>
    <test name="Default test" duration-ms="1933" started-at="2017-12-18T14:32:32Z" finished-at="2017-12-18T14:32:34Z">
      <class name="com.lu.LUAutoSpace.huizhitong.TestMoney">
        <test-method status="PASS" signature="beforeClass()[pri:0, instance:com.lu.LUAutoSpace.huizhitong.TestMoney@6adede5]" name="beforeClass" is-config="true" duration-ms="1377" started-at="2017-12-18T22:32:32Z" finished-at="2017-12-18T22:32:33Z">
          <reporter-output>
          </reporter-output>
        </test-method> <!-- beforeClass -->
        <test-method status="PASS" signature="test()[pri:0, instance:com.lu.LUAutoSpace.huizhitong.TestMoney@6adede5]" name="test" duration-ms="499" started-at="2017-12-18T22:32:33Z" finished-at="2017-12-18T22:32:34Z">
          <reporter-output>
          </reporter-output>
        </test-method> <!-- test -->
        <test-method status="PASS" signature="afterClass()[pri:0, instance:com.lu.LUAutoSpace.huizhitong.TestMoney@6adede5]" name="afterClass" is-config="true" duration-ms="4" started-at="2017-12-18T22:32:34Z" finished-at="2017-12-18T22:32:34Z">
          <reporter-output>
          </reporter-output>
        </test-method> <!-- afterClass -->
      </class> <!-- com.lu.LUAutoSpace.huizhitong.TestMoney -->
    </test> <!-- Default test -->
  </suite> <!-- Default suite -->
</testng-results>
